Exporter version: 6.2.0, Blender version: 2.80 (sub 75)
========= Conversion from Blender to Babylon.js =========
	Scene settings used :
		inline textures     :  false
		Material Type       :  PBR
		Positions Precision :  4
		Normals Precision   :  3
		UVs Precision       :  3
		Vert Color Precision:  3
		Mat Weight Precision:  2
		texture directory   :  C:\Users\svent\Documents\SvenFrankson\space-tactic-advance\datas\meshes\
	Python World class constructor completed
	WARNING: No active camera has been assigned, or is not in a currently selected Blender layer
	processing begun of mesh:  wing-base
		WARNING: No materials have been assigned: 
		num positions      :  148
		num normals        :  148
		num tangents       :  0
		num uvs            :  0
		num uvs2           :  0
		num colors         :  592
		num indices        :  156
	processing begun of mesh:  wing-color-1
		WARNING: No materials have been assigned: 
		num positions      :  50
		num normals        :  50
		num tangents       :  0
		num uvs            :  0
		num uvs2           :  0
		num colors         :  200
		num indices        :  60
	processing begun of mesh:  wing-frame
		WARNING: No materials have been assigned: 
		num positions      :  201
		num normals        :  201
		num tangents       :  0
		num uvs            :  0
		num uvs2           :  0
		num colors         :  804
		num indices        :  240
========= Writing of JSON file started =========
	writing mesh:  wing-base
	writing mesh:  wing-color-1
	writing mesh:  wing-frame
========= Writing of JSON file completed =========
========= end of processing =========
elapsed time:  0 min, 0.0321 secs
